<?xml version="1.0" encoding="UTF-8"?>
<testng-results ignored="0" total="1" passed="1" failed="0" skipped="0">
  <reporter-output>
  </reporter-output>
  <suite started-at="2024-11-18T10:59:21 IST" name="All Test Suite" finished-at="2024-11-18T10:59:29 IST" duration-ms="8257">
    <groups>
    </groups>
    <test started-at="2024-11-18T10:59:21 IST" name="C:/Users/UdayKumar/IdeaProjects/HybridFrameworkJenkins/src/test/java/Webtestcase.java" finished-at="2024-11-18T10:59:29 IST" duration-ms="8257">
      <class name="Webtestcase">
        <test-method signature="testcase()[pri:0, instance:Webtestcase@a9cd3b1]" started-at="2024-11-18T10:59:21 IST" name="testcase" finished-at="2024-11-18T10:59:29 IST" duration-ms="8176" status="PASS">
          <reporter-output>
          </reporter-output>
        </test-method> <!-- testcase -->
      </class> <!-- Webtestcase -->
    </test> <!-- C:/Users/UdayKumar/IdeaProjects/HybridFrameworkJenkins/src/test/java/Webtestcase.java -->
  </suite> <!-- All Test Suite -->
</testng-results>
